INFO : 2024-11-02 21:25:58,753 : Load YAML configuration from '/home/alberic/Documents/OpenHouseEnergyManager/OpenHEMS/openhems-sample/config/openhems_fake4tests.yaml'
INFO : 2024-11-02 21:25:58,753 : Load YAML configuration from '/home/alberic/Documents/OpenHouseEnergyManager/OpenHEMS/openhems-sample/config/openhems_fake4tests.yaml'
INFO : 2024-11-02 21:25:58,754 : Network: FakeNetwork
INFO : 2024-11-02 21:25:58,754 : Network: FakeNetwork
INFO : 2024-11-02 21:25:58,754 : RandomFeeder(0, 6000.1, 100)
INFO : 2024-11-02 21:25:58,754 : ConstFeeder(10) - defaultValue
INFO : 2024-11-02 21:25:58,754 : ConstFeeder(6000) - default
INFO : 2024-11-02 21:25:58,754 : ConstFeeder(0) - defaultValue
INFO : 2024-11-02 21:25:58,754 : ConstFeeder(2000) - default
INFO : 2024-11-02 21:25:58,754 : StateFeeder(True)
INFO : 2024-11-02 21:25:58,754 : ConstFeeder(None) - default
INFO : 2024-11-02 21:25:58,754 : OpenHEMSNetwork(
INFO : 2024-11-02 21:25:58,754 :  IN : 
INFO : 2024-11-02 21:25:58,754 :   - linky
INFO : 2024-11-02 21:25:58,754 :  OUT : 
INFO : 2024-11-02 21:25:58,754 :   - voiture
INFO : 2024-11-02 21:25:58,754 : )
INFO : 2024-11-02 21:25:58,754 : OffPeakStrategy([['22h ', ' 6h']])
INFO : 2024-11-02 21:25:58,756 : OffPeakStrategy.checkRange({now}) => 2024-11-02 22:00:00.756494, 2042
INFO : 2024-11-02 21:25:58,759 : VPN is down
INFO : 2024-11-02 21:25:58,759 : Start OpenHEMS.
INFO : 2024-11-02 21:25:58,759 : Network.switchOffAll()
